<?xml version="1.0" encoding="UTF-8"?>
<testsuite xmlns:xsi="http://www.w3.org/2001/XMLSchema-instance" xsi:noNamespaceSchemaLocation="https://maven.apache.org/surefire/maven-surefire-plugin/xsd/surefire-test-report-3.0.xsd" version="3.0" name="com.TwitterAppTest" time="1.407" tests="5" errors="0" skipped="0" failures="0">
  <properties>
[...]
</properties>
  <testcase name="testPostTweetWhenTwitterApiDown" classname="TweetUtilityTest" time="0.938"/>
  <testcase name="testPostTweet" classname="TweetUtilityTest" time="0.006"/>
  <testcase name="testPostTweet" classname="TweetUtilityTest" time="0.002"/>
  <testcase name="testTimeline" classname="TweetUtilityTest" time="0.002"/>
  <testcase name="testTimelineWhenTwitterApiDown" classname="TweetUtilityTest" time="0.002"/>
</testsuite>